<component name="libraryTable">
  <library name="junit4.8.2">
    <CLASSES>
      <root url="jar://$PROJECT_DIR$/lib/junit4.8.2/junit-dep-4.8.2.jar!/" />
      <root url="jar://$PROJECT_DIR$/lib/junit4.8.2/junit-4.8.2.jar!/" />
      <root url="jar://$PROJECT_DIR$/lib/junit4.8.2/junit-4.8.2-src.jar!/" />
    </CLASSES>
    <JAVADOC />
    <SOURCES />
  </library>
</component>